<?xml version="1.0" encoding="UTF-8"?>
<!-- Generated by org.testng.reporters.JUnitReportReporter -->
<testsuite hostname="RPC08" name="com.objectfrontier.training.test.UserLoginTest" tests="1" failures="0" timestamp="18 Apr 2016 10:26:59 GMT" time="1486.508" errors="0">
  <testcase name="LoginTest" time="1486.508" classname="com.objectfrontier.training.test.UserLoginTest"/>
</testsuite> <!-- com.objectfrontier.training.test.UserLoginTest -->
