<?xml version="1.0" encoding="UTF-8"?>
<!-- Generated by org.testng.reporters.JUnitReportReporter -->
<testsuite hostname="RPC08" name="com.objectfrontier.training.test.TestSignUp" tests="1" failures="0" timestamp="11 Apr 2016 11:09:22 GMT" time="0.285" errors="0">
  <testcase name="testCreate" time="0.285" classname="com.objectfrontier.training.test.TestSignUp"/>
</testsuite> <!-- com.objectfrontier.training.test.TestSignUp -->
